{
  "RSpec": {
    "coverage": {
      "/Users/alex1/Makers/Personal_Projects/Katas/Katas/Harry-Potter/spec/basket_spec.rb": [
        1,
        null,
        1,
        2,
        null,
        1,
        1,
        1,
        null,
        null
      ],
      "/Users/alex1/Makers/Personal_Projects/Katas/Katas/Harry-Potter/lib/basket.rb": [
        1,
        1,
        null,
        1,
        1,
        null,
        null,
        1,
        1,
        null,
        null
      ],
      "/Users/alex1/Makers/Personal_Projects/Katas/Katas/Harry-Potter/spec/calculator_spec.rb": [
        1,
        null,
        1,
        null,
        1,
        1,
        null,
        1,
        9,
        null,
        null,
        1,
        24,
        null,
        null,
        null,
        10,
        10,
        null,
        1,
        1,
        1,
        null,
        null,
        1,
        1,
        1,
        null,
        null,
        1,
        1,
        1,
        1,
        1,
        null,
        null,
        1,
        1,
        1,
        1,
        null,
        null,
        1,
        1,
        1,
        1,
        null,
        null,
        1,
        1,
        1,
        1,
        1,
        null,
        null,
        1,
        1,
        1,
        1,
        1,
        1,
        null,
        null,
        1,
        1,
        1,
        1,
        1,
        1,
        1,
        null,
        null,
        1,
        1,
        1,
        1,
        1,
        null,
        null
      ],
      "/Users/alex1/Makers/Personal_Projects/Katas/Katas/Harry-Potter/lib/calculator.rb": [
        1,
        null,
        1,
        1,
        null,
        1,
        null,
        1,
        9,
        9,
        null,
        null,
        1,
        24,
        null,
        null,
        1,
        8,
        null,
        null,
        1,
        9,
        null,
        null,
        null,
        null,
        null,
        null,
        null,
        1,
        9,
        8,
        8,
        8,
        8,
        null,
        null,
        1,
        null,
        1,
        null,
        1,
        24,
        null,
        null,
        1,
        8,
        null,
        null
      ]
    },
    "timestamp": 1515495632
  }
}
