{
  "RSpec": {
    "coverage": {
      "/Users/alex1/Makers/Personal_Projects/Katas/Katas/Harry-Potter/spec/calculator_spec.rb": [
        1,
        null,
        1,
        null,
        5,
        null,
        1,
        1,
        1,
        null,
        null,
        1,
        1,
        1,
        null,
        null,
        1,
        1,
        1,
        1,
        1,
        null,
        null,
        1,
        1,
        1,
        1,
        null,
        null,
        null
      ],
      "/Users/alex1/Makers/Personal_Projects/Katas/Katas/Harry-Potter/lib/calculator.rb": [
        1,
        1,
        null,
        1,
        4,
        4,
        4,
        null,
        null,
        1,
        7,
        null,
        null,
        1,
        4,
        3,
        2,
        null,
        null,
        1,
        1,
        3,
        null,
        null,
        null
      ]
    },
    "timestamp": 1515153410
  }
}
